{"D:\\Olga\\KortaKursenTestare\\ObligatoriskaUppgifter\\Inlamningsuppgift 2\\user.js": {"path":"D:\\Olga\\KortaKursenTestare\\ObligatoriskaUppgifter\\Inlamningsuppgift 2\\user.js","statementMap":{"0":{"start":{"line":3,"column":8},"end":{"line":3,"column":32}},"1":{"start":{"line":4,"column":8},"end":{"line":4,"column":32}},"2":{"start":{"line":5,"column":8},"end":{"line":5,"column":20}},"3":{"start":{"line":9,"column":0},"end":{"line":9,"column":22}}},"fnMap":{"0":{"name":"(anonymous_0)","decl":{"start":{"line":2,"column":4},"end":{"line":2,"column":5}},"loc":{"start":{"line":2,"column":40},"end":{"line":6,"column":5}},"line":2}},"branchMap":{},"s":{"0":6,"1":6,"2":6,"3":1},"f":{"0":6},"b":{},"_coverageSchema":"1a1c01bbd47fc00a2c39e90264f33305004495a9","hash":"c39b2cbb384fb268c66d87564528eed12c4b3cd1"}
,"D:\\Olga\\KortaKursenTestare\\ObligatoriskaUppgifter\\Inlamningsuppgift 2\\userDB.js": {"path":"D:\\Olga\\KortaKursenTestare\\ObligatoriskaUppgifter\\Inlamningsuppgift 2\\userDB.js","statementMap":{"0":{"start":{"line":4,"column":8},"end":{"line":4,"column":26}},"1":{"start":{"line":8,"column":19},"end":{"line":8,"column":45}},"2":{"start":{"line":9,"column":8},"end":{"line":9,"column":24}},"3":{"start":{"line":13,"column":19},"end":{"line":13,"column":44}},"4":{"start":{"line":14,"column":8},"end":{"line":14,"column":24}},"5":{"start":{"line":18,"column":0},"end":{"line":18,"column":23}}},"fnMap":{"0":{"name":"(anonymous_0)","decl":{"start":{"line":3,"column":4},"end":{"line":3,"column":5}},"loc":{"start":{"line":3,"column":23},"end":{"line":5,"column":5}},"line":3},"1":{"name":"(anonymous_1)","decl":{"start":{"line":7,"column":4},"end":{"line":7,"column":5}},"loc":{"start":{"line":7,"column":21},"end":{"line":10,"column":5}},"line":7},"2":{"name":"(anonymous_2)","decl":{"start":{"line":12,"column":4},"end":{"line":12,"column":5}},"loc":{"start":{"line":12,"column":19},"end":{"line":15,"column":5}},"line":12}},"branchMap":{},"s":{"0":5,"1":1,"2":1,"3":4,"4":4,"5":1},"f":{"0":5,"1":1,"2":4},"b":{},"_coverageSchema":"1a1c01bbd47fc00a2c39e90264f33305004495a9","hash":"4561102ff674fb353969f2f2c01f7139e77359ed"}
,"D:\\Olga\\KortaKursenTestare\\ObligatoriskaUppgifter\\Inlamningsuppgift 2\\userManager.js": {"path":"D:\\Olga\\KortaKursenTestare\\ObligatoriskaUppgifter\\Inlamningsuppgift 2\\userManager.js","statementMap":{"0":{"start":{"line":4,"column":8},"end":{"line":4,"column":28}},"1":{"start":{"line":8,"column":26},"end":{"line":8,"column":52}},"2":{"start":{"line":12,"column":8},"end":{"line":17,"column":9}},"3":{"start":{"line":14,"column":12},"end":{"line":14,"column":43}},"4":{"start":{"line":16,"column":12},"end":{"line":16,"column":24}},"5":{"start":{"line":18,"column":8},"end":{"line":18,"column":21}},"6":{"start":{"line":23,"column":8},"end":{"line":33,"column":9}},"7":{"start":{"line":24,"column":30},"end":{"line":24,"column":61}},"8":{"start":{"line":26,"column":12},"end":{"line":29,"column":13}},"9":{"start":{"line":28,"column":16},"end":{"line":28,"column":41}},"10":{"start":{"line":31,"column":25},"end":{"line":31,"column":53}},"11":{"start":{"line":32,"column":12},"end":{"line":32,"column":25}},"12":{"start":{"line":34,"column":8},"end":{"line":34,"column":27}},"13":{"start":{"line":38,"column":0},"end":{"line":38,"column":28}}},"fnMap":{"0":{"name":"(anonymous_0)","decl":{"start":{"line":3,"column":4},"end":{"line":3,"column":5}},"loc":{"start":{"line":3,"column":24},"end":{"line":5,"column":5}},"line":3},"1":{"name":"(anonymous_1)","decl":{"start":{"line":7,"column":4},"end":{"line":7,"column":5}},"loc":{"start":{"line":7,"column":40},"end":{"line":19,"column":5}},"line":7},"2":{"name":"(anonymous_2)","decl":{"start":{"line":21,"column":4},"end":{"line":21,"column":5}},"loc":{"start":{"line":21,"column":28},"end":{"line":35,"column":5}},"line":21}},"branchMap":{"0":{"loc":{"start":{"line":12,"column":8},"end":{"line":17,"column":9}},"type":"if","locations":[{"start":{"line":12,"column":8},"end":{"line":17,"column":9}},{"start":{},"end":{}}],"line":12},"1":{"loc":{"start":{"line":12,"column":12},"end":{"line":12,"column":80}},"type":"binary-expr","locations":[{"start":{"line":12,"column":12},"end":{"line":12,"column":44}},{"start":{"line":12,"column":48},"end":{"line":12,"column":80}}],"line":12},"2":{"loc":{"start":{"line":23,"column":8},"end":{"line":33,"column":9}},"type":"if","locations":[{"start":{"line":23,"column":8},"end":{"line":33,"column":9}},{"start":{},"end":{}}],"line":23},"3":{"loc":{"start":{"line":26,"column":12},"end":{"line":29,"column":13}},"type":"if","locations":[{"start":{"line":26,"column":12},"end":{"line":29,"column":13}},{"start":{},"end":{}}],"line":26}},"s":{"0":5,"1":2,"2":2,"3":0,"4":0,"5":2,"6":3,"7":2,"8":2,"9":1,"10":1,"11":1,"12":1,"13":1},"f":{"0":5,"1":2,"2":3},"b":{"0":[0,2],"1":[2,0],"2":[2,1],"3":[1,1]},"_coverageSchema":"1a1c01bbd47fc00a2c39e90264f33305004495a9","hash":"9704a033dae6ca7738c6367c69e156fca17086c1"}
}
