TN:
SF:user.js
FN:2,(anonymous_0)
FNF:1
FNH:1
FNDA:6,(anonymous_0)
DA:3,6
DA:4,6
DA:5,6
DA:9,1
LF:4
LH:4
BRF:0
BRH:0
end_of_record
TN:
SF:userDB.js
FN:3,(anonymous_0)
FN:7,(anonymous_1)
FN:12,(anonymous_2)
FNF:3
FNH:3
FNDA:5,(anonymous_0)
FNDA:1,(anonymous_1)
FNDA:4,(anonymous_2)
DA:4,5
DA:8,1
DA:9,1
DA:13,4
DA:14,4
DA:18,1
LF:6
LH:6
BRF:0
BRH:0
end_of_record
TN:
SF:userManager.js
FN:3,(anonymous_0)
FN:7,(anonymous_1)
FN:21,(anonymous_2)
FNF:3
FNH:3
FNDA:5,(anonymous_0)
FNDA:2,(anonymous_1)
FNDA:3,(anonymous_2)
DA:4,5
DA:8,2
DA:12,2
DA:14,0
DA:16,0
DA:18,2
DA:23,3
DA:24,2
DA:26,2
DA:28,1
DA:31,1
DA:32,1
DA:34,1
DA:38,1
LF:14
LH:12
BRDA:12,0,0,0
BRDA:12,0,1,2
BRDA:12,1,0,2
BRDA:12,1,1,0
BRDA:23,2,0,2
BRDA:23,2,1,1
BRDA:26,3,0,1
BRDA:26,3,1,1
BRF:8
BRH:6
end_of_record
